Traceback (most recent call last):
  File "/usr/local/lib/python3.10/dist-packages/jupyter_cache/executors/utils.py", line 58, in single_nb_execution
    executenb(
  File "/usr/local/lib/python3.10/dist-packages/nbclient/client.py", line 1314, in execute
    return NotebookClient(nb=nb, resources=resources, km=km, **kwargs).execute()
  File "/usr/local/lib/python3.10/dist-packages/jupyter_core/utils/__init__.py", line 165, in wrapped
    return loop.run_until_complete(inner)
  File "/usr/lib/python3.10/asyncio/base_events.py", line 649, in run_until_complete
    return future.result()
  File "/usr/local/lib/python3.10/dist-packages/nbclient/client.py", line 709, in async_execute
    await self.async_execute_cell(
  File "/usr/local/lib/python3.10/dist-packages/nbclient/client.py", line 1062, in async_execute_cell
    await self._check_raise_for_error(cell, cell_index, exec_reply)
  File "/usr/local/lib/python3.10/dist-packages/nbclient/client.py", line 918, in _check_raise_for_error
    raise CellExecutionError.from_cell_and_msg(cell, exec_reply_content)
nbclient.exceptions.CellExecutionError: An error occurred while executing the following cell:
------------------
import numpy as np
a = np.array([[2,3,1],[0,7,2],[1,4]])
b = np.array([[-2,5,0],[-1,2,-3]])
c = np.array([[4,1,3],[1,5,7],[7,2,0]])
d = np.array([[5,8,0],[2,5,-1]])
e = np.array([[1,4,5],[6,-1,2]])
f = np.array([[2,4,1],[0,5,7],[3,8,6]])
g = a @ c
c = 3
print (f"e adalah a+b = \n {a+b}")  # menguunakan for
print (f"f adalah 2xa = \n {2*a}")
print (f"g adalah axc = \n {a@c}")
print (g.shape)
print (f"h adalah a@(b@c) = \n {a@(b@c)}")
print (f"i adalah a+b = \n {(a@b)@c}")
print (f"k adalah a+b = \n {c(a@b)}")
print (f"l adalah a+b = \n {(a@b)}")
------------------


[0;31m---------------------------------------------------------------------------[0m
[0;31mValueError[0m                                Traceback (most recent call last)
[0;32m<ipython-input-3-465fe37eedae>[0m in [0;36m<cell line: 2>[0;34m()[0m
[1;32m      1[0m [0;32mimport[0m [0mnumpy[0m [0;32mas[0m [0mnp[0m[0;34m[0m[0;34m[0m[0m
[0;32m----> 2[0;31m [0ma[0m [0;34m=[0m [0mnp[0m[0;34m.[0m[0marray[0m[0;34m([0m[0;34m[[0m[0;34m[[0m[0;36m2[0m[0;34m,[0m[0;36m3[0m[0;34m,[0m[0;36m1[0m[0;34m][0m[0;34m,[0m[0;34m[[0m[0;36m0[0m[0;34m,[0m[0;36m7[0m[0;34m,[0m[0;36m2[0m[0;34m][0m[0;34m,[0m[0;34m[[0m[0;36m1[0m[0;34m,[0m[0;36m4[0m[0;34m][0m[0;34m][0m[0;34m)[0m[0;34m[0m[0;34m[0m[0m
[0m[1;32m      3[0m [0mb[0m [0;34m=[0m [0mnp[0m[0;34m.[0m[0marray[0m[0;34m([0m[0;34m[[0m[0;34m[[0m[0;34m-[0m[0;36m2[0m[0;34m,[0m[0;36m5[0m[0;34m,[0m[0;36m0[0m[0;34m][0m[0;34m,[0m[0;34m[[0m[0;34m-[0m[0;36m1[0m[0;34m,[0m[0;36m2[0m[0;34m,[0m[0;34m-[0m[0;36m3[0m[0;34m][0m[0;34m][0m[0;34m)[0m[0;34m[0m[0;34m[0m[0m
[1;32m      4[0m [0mc[0m [0;34m=[0m [0mnp[0m[0;34m.[0m[0marray[0m[0;34m([0m[0;34m[[0m[0;34m[[0m[0;36m4[0m[0;34m,[0m[0;36m1[0m[0;34m,[0m[0;36m3[0m[0;34m][0m[0;34m,[0m[0;34m[[0m[0;36m1[0m[0;34m,[0m[0;36m5[0m[0;34m,[0m[0;36m7[0m[0;34m][0m[0;34m,[0m[0;34m[[0m[0;36m7[0m[0;34m,[0m[0;36m2[0m[0;34m,[0m[0;36m0[0m[0;34m][0m[0;34m][0m[0;34m)[0m[0;34m[0m[0;34m[0m[0m
[1;32m      5[0m [0md[0m [0;34m=[0m [0mnp[0m[0;34m.[0m[0marray[0m[0;34m([0m[0;34m[[0m[0;34m[[0m[0;36m5[0m[0;34m,[0m[0;36m8[0m[0;34m,[0m[0;36m0[0m[0;34m][0m[0;34m,[0m[0;34m[[0m[0;36m2[0m[0;34m,[0m[0;36m5[0m[0;34m,[0m[0;34m-[0m[0;36m1[0m[0;34m][0m[0;34m][0m[0;34m)[0m[0;34m[0m[0;34m[0m[0m

[0;31mValueError[0m: setting an array element with a sequence. The requested array has an inhomogeneous shape after 1 dimensions. The detected shape was (3,) + inhomogeneous part.

